<?xml version="1.0" encoding="UTF-8"?>
<testng-results total="0" passed="0" failed="0" skipped="0">
  <reporter-output>
  </reporter-output>
  <suite started-at="2023-11-22T08:12:35Z" name="org.test.insureme.AppTest" finished-at="2023-11-22T08:12:35Z" duration-ms="2">
    <groups>
    </groups>
    <test started-at="2023-11-22T08:12:35Z" name="Command line test" finished-at="2023-11-22T08:12:35Z" duration-ms="2">
    </test> <!-- Command line test -->
  </suite> <!-- org.test.insureme.AppTest -->
</testng-results>
